-------------------------------------------------------------------------------
AGILENT 3070 BOARD TEST GRADER               Sat Jul 21 09:36:19 2018  page 1  

Analog  Incircuit      Quality REPORT
-------------------------------------------------------------------------------

Board Path:              ./
Board Serial #:          Board1
Date of Data generation: Thu Jul 19 16:02:46 2018

Number of test runs (in config.bdg): 10
Number of tests: 660

Report Flags:
          F = Test failed
          N = Margin too small 2.00 , 100.00

Designator                     Programmed -----Computed-----    #    # Flg Com
                                 Thr. OC  Mean StdDev Margin Pass Fail     Ref

r319_cp                          18.0 C   15.9  7.98m   2.06   10    0     ...
r529                             18.0 C   13.7  4.26m   4.33   10    0     ...
r01_mvr                          18.0 C   16.1   166m   1.73   10    0 N   ...
r03_mvr                          18.0 C   14.0  6.53m   4.04   10    0     ...
r03_vr                           18.0 C   13.6  3.33m   4.42   10    0     ...
r321_cp                          18.0 C   14.8  4.15m   3.23   10    0     ...
r322_cp                          18.0 C   14.9  5.77m   3.10   10    0     ...
r491                             16.0 C   4.57  11.6m   11.4   10    0     ...
r492                             16.0 C   6.44  4.32m   9.55   10    0     ...
r496                             16.0 C   4.54  11.7m   11.4   10    0     ...
r497                             16.0 C   5.47  11.8m   10.5   10    0     ...



Report Flags:
          F = Test failed
          M = Mean not centered 66.67%
          C = Coefficient of producibility too small 10.00

Designator            ---Programmed----   --------Computed---------   #  Flg Com
                      Nom    Low   High   Mean StdDev    CPK     CP  Bad     Ref

a_c810               779u   541u  1.01m   966u   267n   58.9    294    0 M   ...
c13_91_vr           3.27m  2.22m  4.25m  2.56m  2.49u   45.0    136    0 M   ...
c9_5v                174u  86.8u   226u   111u   179n   44.7    130    0     ...
c226                 139u  93.0u   181u  96.3u   140n   7.72    104    0 MC  ...
c9_vpp               163u  81.4u   212u  97.0u  71.9n   72.1    303    0 M   ...
c8_5v                342u   238u   444u   330u   295n    103    116    0     ...
c214                 226u   113u   294u   152u   206n   62.8    146    0     ...
c8_vpp               253u   176u   328u   238u   110n    189    231    0     ...
c92_cp              1.78m  1.23m  2.31m  1.72m  1.19u    136    151    0     ...
c120_cp              158u   110u   205u   121u   180n   19.0   87.7    0 M   ...
c252                46.0u  32.2u  59.8u  33.8u  17.9n   29.2    258    0 M   ...
c254                42.0u  29.4u  54.6u  30.0u  62.2n   3.27   67.6    0 MC  ...
c87                 50.3u  33.7u  65.4u  36.8u  66.1n   15.5   79.9    0 M   ...
c227                 109u  76.0u   141u  80.7u  48.7n   32.2    224    0 M   ...
c3283               47.1u  33.0u  61.2u  33.1u  14.1n   2.46    334    0 MC  ...
c3                  2.48m  1.70m  3.22m  2.12m  2.00u   69.8    127    0     ...
c11_3v3              344u   240u   447u   291u   394n   43.3   87.6    0     ...
io_c23              11.0u  8.80u  13.2u  9.50u  3.37n   69.8    218    0 M   ...
c2_5v                100n  80.0n   120n  87.8n  14.3p    181    465    0     ...
c2_adv               100n  80.0n   120n  87.9n   144p   18.3   46.4    0     ...
c2_vpp               100n  80.0n   120n  89.7n  27.7p    117    241    0     ...
c5_5v                100n  80.0n   120n  87.4n  17.2p    144    388    0     ...
c5_adv               100n  80.0n   120n  86.4n   153p   13.9   43.6    0 M   ...
c5_vpp               100n  80.0n   120n  87.0n  36.9p   63.3    181    0     ...
c09_mvr             1.20u   840n  1.56u   978n   270p    171    444    0     ...
c08_3v3              100n  80.0n   120n  96.7n   108p   51.7   62.0    0     ...
c57                  100n  80.0n   120n  91.7n  29.3p    133    228    0     ...
c09_vr              1.20u   840n  1.56u   900n   279p   71.9    430    0 M   ...
c13                  100n  80.0n   120n  94.7n  19.2p    256    347    0     ...
c24_cp              1.10u   825n  1.32u   856n  2.54n   4.11   32.4    0 MC  ...
c119_cp              410n   328n   492n   387n   239p   81.6    114    0     ...
c133_cp              200n   160n   240n   169n   286p   10.0   46.7    0 M   ...
c135_cp              100n  80.0n   120n  88.1n  33.3p   80.7    200    0     ...
c233                 100n  80.0n   120n  96.7n  57.4p   97.0    116    0     ...
c291                1.10u   770n  1.43u   828n   322p   60.6    342    0 M   ...
c303                 100n  80.0n   120n   106n   234p   20.1   28.4    0     ...
c06_3v3             1.00u   800n  1.20u   854n  1.69n   10.7   39.5    0 M   ...
c7_5v               1.00u   800n  1.20u   931n   372p    118    179    0     ...
c7_adv              1.00u   800n  1.20u   909n  1.92n   19.0   34.7    0     ...
c7_vpp              1.00u   800n  1.20u   944n   815p   59.0   81.8    0     ...
c13_cp              1.00u   700n  1.20u   777n   582p   44.1    143    0 M   ...
c14_cp              1.00u   700n  1.20u   796n   474p   67.7    176    0     ...
c15_cp              1.00u   700n  1.20u   740n   165p   81.9    506    0 M   ...
c16_cp              1.00u   700n  1.20u   757n  1.68n   11.3   49.5    0 M   ...
c17_cp              1.00u   700n  1.20u   762n   701p   29.7    119    0 M   ...
c18_cp              1.00u   700n  1.20u   772n  1.89n   12.7   44.1    0 M   ...
c105_cp             1.00u   700n  1.20u   844n  1.36n   35.3   61.5    0     ...
c178_cp             1.00u   700n  1.30u   826n  1.32n   31.8   75.8    0     ...
c216                1.00u   700n  1.20u   758n   504p   38.3    165    0 M   ...
c218                8.00u  5.60u  9.60u  5.92u  20.9n   5.12   31.9    0 MC  ...
c03_mvr             10.0n  8.00n  12.0n  9.83n  2.85p    214    234    0     ...
c03_vr              10.0n  8.00n  12.0n  9.55n  3.01p    172    222    0     ...
c04_mvr             10.0n  8.00n  12.0n  9.43n  3.51p    135    190    0     ...
c04_vr              10.0n  8.00n  12.0n  9.11n  3.69p    101    181    0     ...
c10_mvr             10.0n  8.00n  12.0n  9.30n  9.69p   44.8   68.8    0     ...
c10_vr              10.0n  8.00n  12.0n  9.28n  2.20p    194    304    0     ...
c100                10.0n  8.00n  12.0n  8.80n  24.9p   10.8   26.8    0     ...
c05_mvr              220p   176p   304p   295p  1e-13   27.4    199    0 M   ...
c05_vr               220p   176p   291p   234p  7e-14    281    283    0     ...
c58                  100n  80.0n   120n  90.2n  18.6p    183    358    0     ...
c136_cp              100n  75.0n   120n  86.0n  37.4p   97.7    201    0     ...
c110_cp             1.00u   700n  1.20u   721n  3.10n   2.21   26.9    0 MC  ...
c302                4.40n  3.52n  5.28n  4.17n  5.82p   37.4   50.4    0     ...
c17                 1.00n   800p  1.23n   981p  2.06p   29.4   34.6    0     ...
c18                 1.00n   800p  1.23n  1.06n  3.84p   14.9   18.5    0     ...
c19                 1.00n   800p  1.23n   928p  23.0p   1.85   3.09    0  C  ...
c21                 1.00n   800p  1.23n   993p  3e-13    193    214    0     ...
c06_mvr              220p   176p   291p   199p  4.54p   1.72   4.22    0  C  ...
c9_adv               220p   187p   275p   217p  6e-13   15.9   23.4    0     ...
c20                 1.00n   800p  1.23n  1.01n  3.00p   23.6   23.7    0     ...
c229                1.00n   850p  1.21n  1.02n  15.2p   3.78   3.91    0  C  ...
c237                 560p   448p   699p   578p  4e-13    112    115    0     ...
c238                 560p   448p   699p   559p  3e-13    115    130    0     ...
c348                 560p   448p   699p   562p  1.17p   32.5   35.8    0     ...
r1_5v               10.0k  9.00k  11.0k  10.0k   4.62   72.1   72.2    0     ...
r1_adv              10.0k  9.09k  10.9k  9.96k   603m    482    503    0     ...
r1_vpp              10.0k  9.00k  11.0k  9.96k   2.57    124    130    0     ...
r3_5v               10.0k  9.09k  10.9k  10.1k   17.7   16.1   17.2    0     ...
r3_adv              10.0k  9.00k  11.0k  9.79k   13.6   19.4   24.5    0     ...
r3_vpp              10.0k  9.09k  10.9k  9.98k   1.06    280    285    0     ...
r30                 10.0k  9.00k  11.0k  10.3k   13.2   18.4   25.3    0     ...
r90_cp              10.0k  9.00k  11.0k  9.84k   2.31    122    144    0     ...
r107_cp             10.0k  9.00k  11.0k  10.0k   915m    362    364    0     ...
r325                  909    818   1000    916   216m    129    141    0     ...
r323                  909    818   1000    932   310m   72.8   97.8    0     ...
r23_mvr             10.0k  9.00k  11.0k  9.98k   3.21    102    104    0     ...
r79_cp              10.0k  9.00k  11.0k  10.0k   2.19    149    152    0     ...
r91_cp              10.0k  9.00k  11.0k  9.82k   784m    350    425    0     ...
r130_cp             10.0k  8.50k  11.0k  8.89k   9.06   14.4   46.0    0 M   ...
r138_cp             10.0k  9.00k  11.0k  10.0k   2.96    112    112    0     ...
r139_cp             10.0k  9.00k  11.0k  9.99k   2.73    121    122    0     ...
c112_cp             1.00u   700n  1.20u   773n  3.05n   8.01   27.3    0 MC  ...
r31                 10.0k  9.00k  11.0k  9.94k   3.94   79.2   84.7    0     ...
r78_cp              10.0k  9.00k  11.0k  10.0k   4.43   73.0   75.2    0     ...
r80_cp              10.0k  9.00k  11.0k  10.0k   5.07   63.4   65.8    0     ...
r81_cp              10.0k  9.00k  11.0k  10.0k   4.40   73.1   75.7    0     ...
r115_cp             10.0k  9.00k  11.0k  9.83k   6.41   43.2   52.0    0     ...
r118_cp             10.0k  9.00k  11.0k  10.0k   3.69   89.4   90.3    0     ...
r135_cp             10.0k  9.00k  11.0k  9.86k   16.5   17.5   20.3    0     ...
r108_cp             10.0k  9.00k  11.0k  10.0k   1.75    183    191    0     ...
r111_cp             10.0k  9.00k  11.0k  9.99k   3.66   90.3   91.1    0     ...
r112_cp             10.0k  9.00k  11.0k  10.0k   3.16    103    105    0     ...
r113_cp             10.0k  9.00k  11.0k  10.0k   4.12   80.8   81.0    0     ...
r114_cp             10.0k  9.00k  11.0k  10.0k   2.98    112    112    0     ...
r141_cp             10.0k  9.00k  11.0k  9.99k   1.03    321    325    0     ...
r142_cp             10.0k  9.00k  11.0k  9.31k   6.89   15.1   48.4    0 M   ...
r153                10.0k  9.00k  11.0k  9.99k   1.15    287    291    0     ...
r140_cp             10.0k  9.00k  11.0k  10.0k   4.07   80.4   81.9    0     ...
r143_cp             10.0k  9.00k  11.0k  9.28k   5.08   18.1   65.6    0 M   ...
r144_cp             10.0k  9.00k  11.0k  9.30k   5.34   18.9   62.5    0 M   ...
r145_cp             10.0k  9.00k  11.0k  9.29k   5.98   15.9   55.7    0 M   ...
r158_cp             10.0k  9.00k  11.0k  9.94k   3.90   80.7   85.5    0     ...
r161_cp             10.0k  9.00k  11.0k  9.61k   2.32   88.1    143    0     ...
r165_cp             10.0k  9.00k  11.0k  9.80k   4.89   54.9   68.2    0     ...
r167_cp             10.0k  8.50k  11.0k  8.88k   9.08   13.9   45.9    0 M   ...
r163_cp             10.0k  9.00k  11.0k  9.73k   2.33    104    143    0     ...
r164_cp             10.0k  9.00k  11.0k  9.71k   2.57   91.4    129    0     ...
r199                10.0k  9.00k  11.0k  10.0k   2.85    114    117    0     ...
r200                10.0k  9.00k  11.0k  10.0k   3.57   92.5   93.5    0     ...
r201_cp             10.0k  9.00k  11.0k  9.97k   5.03   64.1   66.3    0     ...
r202_cp             10.0k  9.00k  11.0k  10.0k   3.34   98.2   99.7    0     ...
r205_cp             10.0k  9.00k  11.0k  9.96k   3.59   89.4   92.9    0     ...
r208_cp             10.0k  9.00k  11.0k  9.87k   23.3   12.4   14.3    0     ...
r168_cp             10.0k  8.50k  11.0k  8.88k   8.89   14.1   46.9    0 M   ...
r171                10.0k  9.00k  11.0k  9.92k   4.28   71.2   77.8    0     ...
r171_cp             10.0k  9.00k  11.0k  9.97k   1.78    181    187    0     ...
r179                10.0k  9.00k  11.0k  10.0k   3.45   95.5   96.6    0     ...
r182                10.0k  9.00k  11.0k  10.0k   2.49    131    134    0     ...
r203_cp             10.0k  9.00k  11.0k  10.0k   3.60   92.6   92.7    0     ...
r211_cp             10.0k  9.00k  11.0k  9.92k   3.00    102    111    0     ...
r226                10.0k  9.00k  11.0k  10.0k   2.61    127    128    0     ...
r227                10.0k  9.00k  11.0k  9.99k   2.49    132    134    0     ...
r234_cp             10.0k  9.00k  11.0k  10.0k   2.84    115    117    0     ...
r250_cp             10.0k  9.00k  11.0k  10.0k   2.99    109    111    0     ...
r256_cp             10.0k  9.00k  11.0k  9.73k   1.98    124    169    0     ...
r272_cp             10.0k  9.00k  11.0k  9.97k   9.26   35.0   36.0    0     ...
r278                10.0k  9.00k  11.0k  10.0k   2.92    114    114    0     ...
r279                10.0k  9.00k  11.0k  9.92k   1.53    201    217    0     ...
r282_cp             10.0k  9.00k  11.0k  9.94k   10.3   30.6   32.4    0     ...
r213_cp             10.0k  9.00k  11.0k  9.92k   3.23   95.5    103    0     ...
r215_cp             10.0k  9.00k  11.0k  10.0k   3.53   92.6   94.6    0     ...
r236_cp             10.0k  9.00k  11.0k  9.90k   22.0   13.6   15.1    0     ...
r277_cp             10.0k  9.00k  11.0k  10.0k   4.34   74.8   76.9    0     ...
r280_cp             10.0k  9.00k  11.0k  10.0k   5.56   59.3   59.9    0     ...
r315_cp             10.0k  9.00k  11.0k  9.89k   19.6   15.2   17.0    0     ...
r316_cp             10.0k  9.00k  11.0k  9.89k   20.8   14.2   16.1    0     ...
r317_cp             10.0k  9.00k  11.0k  9.94k   19.0   16.6   17.5    0     ...
r284_cp             10.0k  9.00k  11.0k  9.96k   10.9   29.4   30.5    0     ...
r286                10.0k  9.00k  11.0k  9.90k   3.85   77.9   86.6    0     ...
r286_cp             10.0k  9.00k  11.0k  9.75k   2.21    113    151    0     ...
r287                10.0k  9.00k  11.0k  9.90k   8.73   34.4   38.2    0     ...
r287_cp             10.0k  9.00k  11.0k  9.95k   12.8   24.8   26.1    0     ...
r344_cp             10.0k  9.00k  11.0k  9.82k   759m    358    439    0     ...
r348                10.0k  9.00k  11.0k  10.0k   3.01    111    111    0     ...
r359_cp             10.0k  8.80k  11.0k  9.83k   912m    376    402    0     ...
r166_cp             10.0k  8.50k  11.0k  8.93k   9.06   15.7   46.0    0     ...
r241_cp             10.0k  9.00k  11.0k  9.29k   5.97   16.3   55.9    0 M   ...
r285                10.0k  9.00k  11.0k  10.0k   1.25    264    266    0     ...
r343_cp             10.0k  9.00k  11.0k  9.82k   1.38    199    242    0     ...
r358_cp             10.0k  9.00k  11.0k  9.84k   1.75    160    191    0     ...
r427_cp             10.0k  9.00k  11.0k  9.99k   1.60    207    209    0     ...
r428_cp             10.0k  9.00k  11.0k  9.98k   2.43    134    137    0     ...
r437_cp             10.0k  9.00k  11.0k  9.81k   7.41   36.6   45.0    0     ...
r366_cp             10.0k  9.00k  11.0k  9.99k   2.27    146    147    0     ...
r367_cp             10.0k  9.00k  11.0k  10.1k   2.77    113    121    0     ...
r410_cp             10.0k  9.00k  11.0k  9.85k   2.27    124    147    0     ...
r521                10.0k  9.00k  11.0k  10.0k   2.33    143    143    0     ...
r539                10.0k  9.00k  11.0k  10.0k   2.28    141    146    0     ...
r645                10.0k  9.00k  11.0k  10.0k   3.83   85.7   87.1    0     ...
r661                10.0k  9.00k  11.0k  10.0k   2.35    141    142    0     ...
r1712               10.0k  9.00k  11.0k  10.0k   2.51    132    133    0     ...
r318_cp             10.0k  9.00k  11.0k  9.94k   22.4   14.1   14.9    0     ...
r328_cp             10.0k  9.00k  11.0k  9.98k   5.20   62.9   64.1    0     ...
r362_cp             10.0k  9.00k  11.0k  9.98k   3.97   82.5   83.9    0     ...
r381_cp             10.0k  9.00k  11.0k  9.99k   11.2   29.3   29.8    0     ...
r411_cp             10.0k  9.00k  11.0k  9.88k   1.82    162    183    0     ...
r438_cp             10.0k  9.00k  11.0k  9.96k   5.30   60.6   62.9    0     ...
r4_vpp              33.2k  29.9k  36.5k  33.0k   2.87    361    385    0     ...
r4_3v3              1.00k    900  1.10k  1.01k   310m   98.1    108    0     ...
r105_cp             1.00k    900  1.10k  1.00k   370m   89.2   90.2    0     ...
r243                1.00k    900  1.10k  1.00k   274m    118    122    0     ...
r244                1.00k    900  1.10k  1.00k   342m   93.5   97.5    0     ...
r435                1.00k    900  1.10k  1.00k   243m    131    137    0     ...
r436                1.00k    900  1.10k  1.02k   396m   71.5   84.2    0     ...
r501                1.00k    900  1.10k  1.00k   301m    106    111    0     ...
r4_5v               57.6k  51.8k  63.4k  57.3k   9.40    195    204    0     ...
r5_3v3              57.6k  51.8k  63.4k  57.6k   6.78    282    283    0     ...
r4_adv              5.76k  5.18k  6.34k  5.83k   1.15    148    167    0     ...
r5_5v               13.7k  12.3k  15.1k  13.7k   2.71    167    169    0     ...
r5_vpp              13.7k  12.3k  15.1k  13.7k   1.17    375    389    0     ...
r307                13.7k  12.3k  15.1k  13.7k   2.23    204    205    0     ...
r352                13.7k  12.3k  15.1k  13.8k   3.53    124    129    0     ...
r09_mvr             1.00k    900  1.10k  1.04k   546m   36.2   61.0    0     ...
r09_vr              1.00k    900  1.10k  1.03k   393m   56.4   84.8    0     ...
r11_mvr             1.00k    900  1.10k  1.01k   129m    245    259    0     ...
r11_vr              1.00k    900  1.10k  1.01k   116m    271    288    0     ...
r67                 1.00k    900  1.10k  1.01k   390m   81.2   85.6    0     ...
r68                 1.00k    900  1.10k  1.00k   264m    123    126    0     ...
r69                 1.00k    900  1.10k  1.01k   325m   95.5    103    0     ...
r103_cp             1.00k    900  1.10k  1.00k   454m   70.1   73.4    0     ...
r104_cp             1.00k    900  1.10k  1.00k   314m    106    106    0     ...
r122_cp             1.00k    900  1.10k  1.01k   264m    116    126    0     ...
r156                1.00k    900  1.10k  1.01k   335m   94.2   99.6    0     ...
r178_cp             1.00k    900  1.10k  1.01k   427m   72.7   78.0    0     ...
r210                1.00k    900  1.10k  1.01k   292m    104    114    0     ...
r211                1.00k    900  1.10k  1.01k   355m   86.6   93.9    0     ...
r212                1.00k    900  1.10k  1.01k   353m   85.5   94.4    0     ...
r213                1.00k    900  1.10k  1.01k   384m   81.1   86.8    0     ...
r220_cp             1.00k    900  1.10k  1.01k   478m   63.8   69.7    0     ...
r221_cp             1.00k    900  1.10k  1.01k   294m    101    113    0     ...
r222_cp             1.00k    900  1.10k  1.01k   235m    131    142    0     ...
r225_cp             1.00k    900  1.10k  1.00k   300m    106    111    0     ...
r2_adv              33.2k  29.9k  36.5k  32.5k   37.0   23.2   29.9    0     ...
r179_cp             1.00k    900  1.10k  1.01k   297m    106    112    0     ...
r94_cp              1.00k    900  1.10k  1.01k   511m   61.7   65.2    0     ...
r136_cp             1.00k    900  1.10k  1.01k   276m    113    121    0     ...
r154                1.00k    900  1.10k  1.01k   254m    123    131    0     ...
r204_cp             1.00k    900  1.10k  1.00k   303m    106    110    0     ...
r214                1.00k    900  1.10k  1.00k   395m   81.3   84.3    0     ...
r248_cp             1.00k    900  1.10k  1.00k   334m   95.4   99.9    0     ...
r255_cp             1.00k    900  1.10k  1.01k   306m    103    109    0     ...
r257_cp             1.00k    900  1.10k  1.01k   368m   82.8   90.6    0     ...
r259_cp             1.00k    900  1.10k  1.00k   268m    119    124    0     ...
r262_cp             1.00k    900  1.10k  1.01k   274m    115    122    0     ...
r265_cp             1.00k    900  1.10k  1.00k   246m    129    135    0     ...
r266_cp             1.00k    900  1.10k  1.00k   356m   89.7   93.7    0     ...
r267_cp             1.00k    900  1.10k  1.00k   360m   88.9   92.6    0     ...
r268_cp             1.00k    900  1.10k  1.01k   319m   94.9    104    0     ...
r273_cp             1.00k    900  1.10k  1.01k   424m   71.9   78.7    0     ...
r275_cp             1.00k    900  1.10k  1.00k   310m    104    108    0     ...
r276_cp             1.00k    900  1.10k  1.01k   141m    225    237    0     ...
r277                1.00k    900  1.10k  1.00k   327m   99.4    102    0     ...
r279_cp             1.00k    900  1.10k  1.01k   289m    109    115    0     ...
r283_cp             1.00k    900  1.10k  1.01k   1.48   21.0   22.6    0     ...
r285_cp             1.00k    900  1.10k  1.00k   361m   90.3   92.4    0     ...
r288_cp             1.00k    900  1.10k  1.01k   368m   84.2   90.5    0     ...
r251_cp             1.00k    900  1.10k  1.01k   430m   71.7   77.6    0     ...
r252_cp             1.00k    900  1.10k  1.01k   457m   67.9   72.9    0     ...
r253_cp             1.00k    900  1.10k  1.01k   329m   91.7    101    0     ...
r254_cp             1.00k    900  1.10k  1.01k   1.40   21.6   23.7    0     ...
r258_cp             1.00k    900  1.10k  1.00k   559m   56.7   59.6    0     ...
r260_cp             1.00k    900  1.10k  1.01k   598m   51.6   55.7    0     ...
r309                1.00k    900  1.10k  1.01k   177m    178    188    0     ...
r314                1.00k    900  1.10k  1.01k   274m    115    122    0     ...
r12_vr              1.00k    900  1.10k  1.01k   194m    162    172    0     ...
r18_mvr             1.00k    900  1.10k  1.01k   120m    264    278    0     ...
r120_cp             1.00k    900  1.10k  1.01k  46.6m    648    716    0     ...
r121_cp             1.00k    900  1.10k  1.00k   167m    193    200    0     ...
r154_cp             1.00k    900  1.10k    998   147m    222    227    0     ...
r174_cp             1.00k    900  1.10k  1.01k   351m   89.0   95.0    0     ...
r175_cp             1.00k    900  1.10k  1.01k   525m   60.2   63.5    0     ...
r297_cp             1.00k    900  1.10k    997   120m    269    278    0     ...
r290_cp             1.00k    900  1.10k  1.00k   324m   98.5    103    0     ...
r291_cp             1.00k    900  1.10k  1.01k   316m    100    106    0     ...
r294_cp             1.00k    900  1.10k  1.00k   247m    129    135    0     ...
r328                1.00k    900  1.10k  1.01k   288m    104    116    0     ...
r329                1.00k    900  1.10k    988   320m   91.6    104    0     ...
r355_cp             1.00k    900  1.10k  1.01k   394m   73.8   84.6    0     ...
r356_cp             1.00k    900  1.10k  1.01k   275m    113    121    0     ...
r393_cp             1.00k    900  1.10k  1.01k   321m   97.9    104    0     ...
r307_cp             1.00k    900  1.10k  1.01k   1.90   15.2   17.6    0     ...
r324_cp             1.00k    900  1.10k  1.01k   101m    305    330    0     ...
r330                1.00k    900  1.10k  1.01k   157m    189    212    0     ...
r373_cp             1.00k    900  1.10k  1.01k   144m    219    231    0     ...
r374_cp             1.00k    900  1.10k  1.01k   191m    163    175    0     ...
r392_cp             1.00k    900  1.10k  1.01k   117m    264    284    0     ...
r935                1.00k    849  1.10k  1.00k  84.3m    381    498    0     ...
r10_mvr             13.0k  11.7k  14.3k  12.9k   12.5   31.3   34.6    0     ...
r320_cp             1.00k    900  1.10k  1.00k   537m   59.4   62.1    0     ...
r364_cp             1.00k    900  1.10k  1.01k   458m   68.2   72.9    0     ...
r384_cp             1.00k    900  1.10k  1.01k   295m    103    113    0     ...
r394_cp             1.00k    900  1.10k  1.01k   534m   57.5   62.5    0     ...
r395_cp             1.00k    900  1.10k  1.01k   452m   70.0   73.8    0     ...
r415_cp             1.00k    900  1.10k  1.01k   652m   48.1   51.1    0     ...
r2265               1.00k    900  1.10k  1.01k   590m   51.9   56.5    0     ...
r20_mvr             2.38k  2.14k  2.61k  2.37k   472m    167    168    0     ...
r401_cp             1.00k    900  1.10k  1.00k   350m   91.0   95.1    0     ...
r409_cp             1.00k    900  1.10k  1.01k   203m    153    164    0     ...
r423_cp             1.00k    900  1.10k  1.00k   308m    105    108    0     ...
r425_cp             1.00k    900  1.10k  1.01k   305m   97.4    109    0     ...
r433                1.00k    900  1.10k  1.02k   369m   74.0   90.2    0     ...
r433_cp             1.00k    900  1.10k  1.01k   294m    106    114    0     ...
r490                1.00k    900  1.10k  1.01k   348m   81.8   95.8    0     ...
r150_cp             4.75k  4.28k  5.23k  4.49k   2.81   25.2   56.3    0     ...
r10_vr              13.0k  11.7k  14.3k  12.8k   8.40   43.9   51.6    0     ...
r25_mvr             13.0k  11.7k  14.3k  12.4k   24.1   9.81   18.0    0  C  ...
r25_vr              13.0k  11.7k  14.3k  12.5k   23.8   11.4   18.2    0     ...
r21_vr              4.75k  4.28k  5.23k  4.70k   8.82   16.0   17.9    0     ...
r29_mvr             4.75k  4.28k  5.23k  4.43k   1.55   33.6    102    0 M   ...
r29_vr              4.75k  4.28k  5.23k  4.44k   1.49   38.0    106    0     ...
r149_cp             4.75k  4.28k  5.23k  4.48k   2.12   31.7   74.7    0     ...
r304                4.75k  4.28k  5.23k  4.75k   1.19    133    133    0     ...
r21_mvr             4.75k  4.28k  5.23k  4.74k   8.16   18.9   19.4    0     ...
r133_cp             4.75k  4.28k  5.23k  4.73k   1.61   95.1   98.5    0     ...
r212_cp             4.75k  4.28k  5.23k  4.76k   2.18   70.7   72.7    0     ...
r332_cp             4.75k  4.28k  5.23k  4.77k   1.25    122    127    0     ...
r333_cp             4.75k  4.28k  5.23k  4.76k   1.11    139    142    0     ...
r58                 4.70k  4.23k  5.17k  4.69k   2.04   75.4   76.8    0     ...
r59                 4.70k  4.23k  5.17k  4.74k   2.68   53.4   58.4    0     ...
r126_cp             4.70k  4.23k  5.17k  4.66k   2.35   61.4   66.6    0     ...
r232_cp             4.75k  4.28k  5.23k  4.74k   1.85   84.1   85.6    0     ...
r233_cp             4.75k  4.28k  5.23k  4.77k   1.75   86.8   90.3    0     ...
r292_cp             4.75k  4.28k  5.23k  4.78k   1.74   86.3   91.2    0     ...
r329_cp             4.75k  4.28k  5.23k  4.74k   1.04    149    152    0     ...
r334_cp             4.75k  4.28k  5.23k  4.76k   1.80   85.8   87.8    0     ...
r34                 4.70k  4.23k  5.17k  4.67k   1.40    104    112    0     ...
r35                 4.70k  4.23k  5.17k  4.71k   1.49    103    105    0     ...
r163                4.70k  4.23k  5.17k  4.74k   1.59   89.5   98.8    0     ...
r172_cp             4.70k  4.23k  5.17k  4.52k   1.69   56.4   92.8    0     ...
r178                4.70k  4.23k  5.17k  4.78k   1.04    126    151    0     ...
r180                4.70k  4.23k  5.17k  4.66k   1.23    117    128    0     ...
r196                4.70k  4.23k  5.17k  4.65k   1.10    126    142    0     ...
r216                4.70k  4.23k  5.17k  4.66k   1.35    106    116    0     ...
r217                4.70k  4.23k  5.17k  4.70k   1.37    114    114    0     ...
r218                4.70k  4.23k  5.17k  4.79k   268m    477    585    0     ...
r221                4.70k  4.23k  5.17k  4.73k   1.41    103    111    0     ...
r228                4.70k  4.23k  5.17k  4.67k   892m    165    176    0     ...
r235                4.70k  4.23k  5.17k  4.75k   925m    150    169    0     ...
r245                4.70k  4.23k  5.17k  4.64k   974m    140    161    0     ...
r255                4.70k  4.23k  5.17k  4.67k   1.13    129    139    0     ...
r256                4.70k  4.23k  5.17k  4.83k   1.12    102    140    0     ...
r257                4.70k  4.23k  5.17k  4.67k   1.00    146    156    0     ...
r258                4.70k  4.23k  5.17k  4.70k   1.49    105    105    0     ...
r259                4.70k  4.23k  5.17k  4.69k   1.44    106    109    0     ...
r261                4.70k  4.23k  5.17k  4.69k   1.35    113    116    0     ...
r289                4.70k  4.23k  5.17k  4.70k   1.27    123    123    0     ...
r293                4.70k  4.23k  5.17k  4.82k   1.34   86.1    117    0     ...
r294                4.70k  4.23k  5.17k  4.67k   1.27    115    123    0     ...
r326                4.70k  4.23k  5.17k  4.69k   997m    155    157    0     ...
r326_cp             4.70k  4.23k  5.17k  4.78k   1.18    111    132    0     ...
r342                4.70k  4.23k  5.17k  4.77k   1.01    131    156    0     ...
r347                4.70k  4.23k  5.17k  4.65k   1.34    105    117    0     ...
r159                4.70k  4.23k  5.17k  4.71k   2.02   76.0   77.5    0     ...
r195                4.70k  4.23k  5.17k  4.71k   1.40    108    112    0     ...
r210_cp             4.70k  4.23k  5.17k  4.63k   2.05   65.0   76.6    0     ...
r215                4.70k  4.23k  5.17k  4.71k   759m    203    207    0     ...
r219                4.70k  4.23k  5.17k  4.78k   177m    724    883    0     ...
r270                4.70k  4.23k  5.17k  4.67k   1.30    114    120    0     ...
r370                4.70k  4.23k  5.17k  4.65k   2.53   56.0   62.0    0     ...
r417                4.70k  4.23k  5.17k  4.74k   1.51   94.1    104    0     ...
r380                4.70k  4.23k  5.17k  4.71k   1.55   98.7    101    0     ...
r412                4.70k  4.23k  5.17k  4.79k   1.26    102    125    0     ...
r418                4.70k  4.23k  5.17k  4.71k   1.58   97.7   98.9    0     ...
r419                4.70k  4.23k  5.17k  4.72k   1.38    108    113    0     ...
r426                4.70k  4.23k  5.17k  4.74k   1.39    103    112    0     ...
r427                4.70k  4.23k  5.17k  4.65k   1.28    111    122    0     ...
r434                4.70k  4.23k  5.17k  4.67k   1.28    114    123    0     ...
r485                4.70k  4.23k  5.17k  4.73k   1.42    104    110    0     ...
r312                4.75k  4.28k  5.23k  4.58k   2.41   41.6   65.7    0     ...
r24_mvr             2.40k  2.16k  2.64k  2.42k   452m    165    177    0     ...
r24_vr              2.40k  2.16k  2.64k  2.41k  66.1m  1.17k  1.21k    0     ...
r29                 30.1k  27.7k  32.5k  29.9k   9.22   79.5   87.0    0     ...
r162                4.70k  4.23k  5.17k  4.66k   1.15    124    136    0     ...
r246                4.70k  4.23k  5.17k  4.65k   664m    209    236    0     ...
r494                4.70k  4.23k  5.17k  4.76k   1.14    119    138    0     ...
r124_cp             5.11k  4.60k  5.62k  5.11k   1.27    134    135    0     ...
r424                4.70k  4.23k  5.17k  4.70k   1.06    147    148    0     ...
r425                4.70k  4.23k  5.17k  4.73k   1.35    109    116    0     ...
r475                4.70k  4.23k  5.17k  4.69k   1.56   97.7    100    0     ...
r486                4.70k  4.23k  5.17k  4.76k   1.55   88.1    101    0     ...
r495                4.70k  4.23k  5.17k  4.69k   1.24    123    126    0     ...
r184_cp             5.11k  4.60k  5.62k  5.08k   1.93   82.5   88.5    0     ...
r185_cp             5.11k  4.60k  5.62k  5.09k   3.29   50.0   51.7    0     ...
r186_cp             5.11k  4.60k  5.62k  5.10k   2.54   66.2   67.0    0     ...
r502                4.70k  4.23k  5.17k  4.68k   1.14    131    137    0     ...
r541                4.70k  4.23k  5.17k  4.67k   1.75   83.8   89.6    0     ...
r576                4.70k  4.23k  5.17k  4.65k   2.36   59.2   66.5    0     ...
r577                4.70k  4.23k  5.17k  4.66k   1.40    103    112    0     ...
r579                4.70k  4.23k  5.17k  4.70k   1.59   97.9   98.5    0     ...
r35_cp              5.11k  4.60k  5.62k  4.92k   2.06   52.2   82.5    0     ...
r189_cp             5.11k  4.60k  5.62k  5.12k   1.51    111    113    0     ...
r192_cp             5.11k  4.60k  5.62k  4.93k   1.74   63.1   98.1    0     ...
r187_cp             5.11k  4.60k  5.62k  5.12k   3.36   49.7   50.7    0     ...
r188_cp             5.11k  4.60k  5.62k  5.10k   1.59    106    107    0     ...
r190_cp             5.11k  4.60k  5.62k  5.09k   1.62    102    105    0     ...
r191_cp             5.11k  4.60k  5.62k  5.12k   2.30   72.8   74.2    0     ...
r197_cp             5.11k  4.60k  5.62k  5.10k   1.90   86.9   89.5    0     ...
r209_cp             5.11k  4.60k  5.62k  5.12k   2.60   64.3   65.5    0     ...
r214_cp             5.11k  4.60k  5.62k  5.10k   1.83   90.9   93.0    0     ...
r216_cp             5.11k  4.60k  5.62k  5.09k   1.70   96.6    100    0     ...
r193_cp             5.11k  4.60k  5.62k  4.92k   2.19   49.5   77.9    0     ...
r196_cp             5.11k  4.60k  5.62k  4.91k   2.25   45.9   75.8    0     ...
r198_cp             5.11k  4.60k  5.62k  4.89k   2.98   33.0   57.1    0     ...
r199_cp             5.11k  4.60k  5.62k  4.93k   2.09   52.0   81.5    0     ...
r200_cp             5.11k  4.60k  5.62k  4.91k   2.28   45.6   74.7    0     ...
r239_cp             5.11k  4.60k  5.62k  4.90k   1.55   65.4    110    0     ...
r240_cp             5.11k  4.60k  5.62k  4.91k   1.67   62.5    102    0     ...
r244_cp             5.11k  4.60k  5.62k  4.91k   2.39   42.9   71.3    0     ...
r125_cp             5.11k  4.60k  5.62k  5.13k   2.48   66.5   68.8    0     ...
r128_cp             5.11k  4.60k  5.62k  5.11k   1.05    161    162    0     ...
r129_cp             5.11k  4.60k  5.62k  5.11k   1.60    106    107    0     ...
r134_cp             5.11k  4.60k  5.62k  5.10k   1.28    130    133    0     ...
r194_cp             5.11k  4.60k  5.62k  4.89k   1.51   65.2    113    0     ...
r242_cp             5.11k  4.60k  5.62k  4.92k   1.24   87.1    137    0     ...
r243_cp             5.11k  4.60k  5.62k  4.91k   1.54   66.6    111    0     ...
r360_cp              33.0   24.8   41.3   36.5  2.34m    677  1.18k    0     ...
r245_cp             5.11k  4.60k  5.62k  4.89k   2.45   39.5   69.4    0     ...
r207                 33.0   24.8   41.3   36.5  13.1m    122    210    0     ...
r365_cp              33.0   24.8   41.3   32.9  60.2m   45.1   45.7    0     ...
r424_cp              33.0   24.8   41.3   37.4  11.2m    116    246    0     ...
r667                 33.0   24.8   41.3   37.2  10.6m    128    259    0     ...
r668                 33.0   24.8   41.3   36.8  14.7m    101    187    0     ...
r40                 10.0k  9.00k  11.0k  10.0k   2.85    115    117    0     ...
r41                 10.0k  9.00k  11.0k  9.99k   2.43    137    137    0     ...
r217_cp             5.11k  4.60k  5.62k  5.11k   2.28   74.2   74.6    0     ...
r218_cp             5.11k  4.60k  5.62k  5.13k   1.52    108    112    0     ...
r237_cp             5.11k  4.60k  5.62k  5.10k   2.34   71.3   72.9    0     ...
r238_cp             5.11k  4.60k  5.62k  5.13k   1.91   86.3   89.2    0     ...
r314_cp              33.0   24.8   41.3   39.1  22.8m   31.9    120    0 M   ...
r402_cp              33.0   24.8   41.3   34.7  30.1m   72.4   91.4    0     ...
r146_cp             10.0k  9.00k  11.0k  9.92k   4.09   74.8   81.5    0     ...
r147_cp             10.0k  9.00k  11.0k  10.0k   4.98   66.9   67.0    0     ...
r246_cp             10.0k  9.00k  11.0k  9.19k   7.35   8.57   45.3    0 MC  ...
r296_cp             10.0k  9.00k  11.0k  9.24k   9.35   8.70   35.6    0 MC  ...
r298_cp             10.0k  9.00k  11.0k  9.19k   8.69   7.26   38.3    0 MC  ...
r435_cp             10.0k  9.00k  11.0k  9.92k   2.61    118    128    0     ...
r471                10.0k  9.00k  11.0k  9.89k   1.99    148    167    0     ...
r66                  100k  89.0k   111k  99.2k   52.1   65.5   70.4    0     ...
r398_cp              100k  89.0k   111k  99.9k   40.9   88.9   89.7    0     ...
r439_cp              100k  89.0k   111k  99.5k   45.9   76.5   79.9    0     ...
r65                 2.00k  1.80k  2.20k  2.02k   438m    139    152    0     ...
r187                2.00k  1.80k  2.20k  2.01k   499m    124    134    0     ...
r188                2.00k  1.80k  2.20k  2.01k   549m    118    121    0     ...
r189                2.00k  1.80k  2.20k  2.00k   645m    101    103    0     ...
r193                2.00k  1.80k  2.20k  2.00k   375m    177    178    0     ...
r194                2.00k  1.80k  2.20k  2.01k   445m    139    150    0     ...
r448                2.00k  1.80k  2.20k  2.01k   493m    129    135    0     ...
r449                2.00k  1.80k  2.20k  2.00k   411m    158    162    0     ...
r148_cp             10.0k  9.00k  11.0k  9.94k   4.31   73.1   77.4    0     ...
r472                10.0k  9.00k  11.0k  9.94k   4.36   72.3   76.5    0     ...
r300_cp              100k  89.0k   111k  99.2k   57.4   59.4   63.9    0     ...
r397_cp              100k  89.0k   111k  99.9k   43.3   84.1   84.7    0     ...
r64                 2.00k  1.80k  2.20k  2.02k   365m    167    183    0     ...
r190                2.00k  1.80k  2.20k  2.02k   345m    179    193    0     ...
r206_cp             2.00k  1.80k  2.20k  2.00k   660m   99.9    101    0     ...
r82_cp               22.6   17.0   28.3   27.7  94.5m   1.87   19.9    0 MC  ...
r60                 10.0k  9.00k  11.0k  9.95k   1.36    232    245    0     ...
r61                 10.0k  9.00k  11.0k  9.92k   12.1   25.4   27.6    0     ...
r473                10.0k  9.00k  11.0k  10.1k   2.06    139    162    0     ...
r474                10.0k  9.00k  11.0k  10.0k   2.21    147    151    0     ...
r62                  100k  89.0k   111k  99.9k    135   27.0   27.1    0     ...
r288                2.00k  1.80k  2.20k  2.01k   150m    416    446    0     ...
r99_cp               22.6   17.0   28.3   26.6  11.7m   47.0    161    0 M   ...
r375_cp              22.6   17.0   28.3   26.3  3.16m    211    596    0     ...
r376_cp              22.6   17.0   28.3   26.8  4.53m    106    415    0 M   ...
r86_cp                121   90.8    151    125  13.8m    646    732    0     ...
r87_cp               40.2   30.2   50.3   43.8  14.5m    148    232    0     ...
r477                 40.2   30.2   50.3   44.1  5.45m    374    614    0     ...
r88_cp                130   97.5    163    133  9.22m  1.06k  1.18k    0     ...
r89_cp              7.50k  6.75k  8.25k  7.51k   2.77   89.3   90.4    0     ...
r98_cp              7.50k  6.75k  8.25k  7.50k   2.30    109    109    0     ...
r106_cp             7.50k  6.75k  8.25k  7.48k   2.20    111    114    0     ...
r669                2.00k  1.80k  2.20k  2.01k   846m   75.3   78.8    0     ...
r670                2.00k  1.80k  2.20k  2.00k   548m    120    122    0     ...
r671                2.00k  1.80k  2.20k  2.01k   769m   84.0   86.7    0     ...
r672                2.00k  1.80k  2.20k  2.00k   495m    133    135    0     ...
r673                2.00k  1.80k  2.20k  2.00k   355m    185    188    0     ...
r180_cp               240    180    300    245   168m    109    119    0     ...
r181_cp               240    180    300    246   141m    127    141    0     ...
r274_cp              49.9   37.4   62.4   53.7  22.7m    127    183    0     ...
r116_cp             7.50k  6.75k  8.25k  7.49k   2.79   88.2   89.7    0     ...
r95_cp                240    180    300    244  34.7m    536    577    0     ...
r371_cp               240    180    300    244  20.5m    906    977    0     ...
r372_cp               240    180    300    244  17.3m  1.07k  1.15k    0     ...
r101_cp              49.9   37.4   62.4   54.0  11.1m    250    374    0     ...
r102_cp              49.9   37.4   62.4   53.6  15.3m    191    272    0     ...
r123_cp              49.9   37.4   62.4   54.2  19.0m    144    218    0     ...
r334                 49.9   37.4   62.4   55.9  6.38m    340    651    0     ...
r235_cp               150    113    188    154  67.9m    162    184    0     ...
r170_cp              75.0   56.3   93.8   80.3   142m   31.5   44.0    0     ...
r270_cp              75.0   56.3   93.8   79.1  27.0m    182    232    0     ...
r271_cp              75.0   56.3   93.8   78.5  30.5m    167    205    0     ...
r278_cp              75.0   56.3   93.8   79.0  26.5m    185    236    0     ...
r295_cp              75.0   56.3   93.8   78.7  25.4m    198    246    0     ...
r147                 22.0   16.5   29.2   26.7  38.3m   21.5   55.2    0     ...
r174                 22.0   16.5   29.2   25.9  9.09m    119    233    0     ...
r83_cp               22.6   17.0   28.3   25.9  9.91m   79.4    190    0     ...
r92_cp               20.0   15.0   25.0   23.4  7.48m   71.5    223    0 M   ...
r117_cp               150    113    188    155  76.7m    140    163    0     ...
r119_cp              75.0   56.3   93.8   78.6  39.7m    127    157    0     ...
r247_cp              75.0   56.3   93.8   79.1  26.8m    183    234    0     ...
r160_cp             8.20k  7.38k  9.02k  8.18k   3.02   88.3   90.6    0     ...
r405_cp              22.0   16.5   29.2   25.4  13.5m   92.7    156    0     ...
r406_cp              22.0   16.5   29.2   26.5  13.3m   67.0    160    0     ...
r175                 22.0   16.5   29.2   26.3  7.61m    128    278    0     ...
r391_cp              22.0   16.5   29.2   25.8  5.98m    190    354    0     ...
r447                 22.0   16.5   29.2   26.0  6.43m    164    329    0     ...
r498                 22.0   16.5   29.2   26.0  12.3m   87.3    171    0     ...
r499                 22.0   16.5   29.2   26.6  27.2m   32.1   77.8    0     ...
r500                 22.0   16.5   29.2   26.4  11.1m   85.0    191    0     ...
r525                 22.0   16.5   29.2   27.0  8.51m   84.7    249    0     ...
r526                 22.0   16.5   29.2   24.4   105m   15.1   20.2    0     ...
r224_cp              51.0   38.3   63.8   55.0  21.9m    133    194    0     ...
r226_cp              51.0   38.3   63.8   54.1  25.4m    127    167    0     ...
r227_cp              51.0   38.3   63.8   54.5  34.5m   89.6    123    0     ...
r229_cp              51.0   38.3   63.8   54.2  29.1m    109    146    0     ...
r230_cp              51.0   38.3   63.8   54.9  23.4m    126    182    0     ...
r231_cp              51.0   38.3   63.8   54.3  21.8m    145    195    0     ...
r382_cp              51.0   38.3   63.8   54.3  23.1m    137    184    0     ...
r153_cp              33.0   24.8   41.3   39.0  15.8m   48.1    174    0 M   ...
r240                 33.0   24.8   41.3   39.1  24.0m   29.4    115    0 M   ...
r241                 33.0   24.8   41.3   37.3  8.92m    147    308    0     ...
r276                 33.0   24.8   41.3   36.3  12.0m    139    230    0     ...
r283                 33.0   24.8   41.3   36.9  14.9m   97.1    184    0     ...
r284                 33.0   24.8   41.3   36.9  15.8m   91.9    174    0     ...
r292                 33.0   24.8   41.3   36.9  17.0m   85.7    162    0     ...
r301_cp              33.0   24.8   41.3   36.4  10.4m    155    264    0     ...
r302_cp              33.0   24.8   41.3   38.2  10.5m   97.9    261    0     ...
r325_cp              33.0   24.8   41.3   36.3  13.5m    123    203    0     ...
r331_cp              33.0   24.8   41.3   40.2  28.2m   11.9   97.7    0 M   ...
r349                 33.0   24.8   41.3   36.4  16.6m   96.7    166    0     ...
r350                 33.0   24.8   41.3   36.9  17.7m   81.3    155    0     ...
r437                 33.0   24.8   41.3   36.4  11.7m    139    235    0     ...
r438                 33.0   24.8   41.3   37.7  34.3m   34.5   80.1    0     ...
r155                 68.1   51.1   85.1   72.0  24.5m    179    232    0     ...
r169_cp               165    124    206    173  48.9m    230    281    0     ...
r177_cp             2.67k  2.40k  2.94k  2.67k   1.56   56.6   57.0    0     ...
r182_cp              330k   281k   380k   331k    199   80.3   82.8    0     ...
r183_cp              330k   281k   380k   332k    276   58.0   59.9    0     ...
r222                2.20k  1.98k  2.42k  2.20k   745m   97.6   98.5    0     ...
r343                2.20k  1.98k  2.42k  2.19k   341m    201    215    0     ...
r345                2.20k  1.98k  2.42k  2.23k   784m   80.5   93.6    0     ...
r228_cp             3.30k  2.97k  3.63k  3.35k   128m    739    859    0     ...
r249_cp               150    135    180    154  57.2m    109    133    0     ...
r127_cp             8.20k  7.38k  9.02k  8.17k   1.64    161    167    0     ...
r151_cp             2.20k  1.87k  2.53k  2.14k   465m    196    237    0     ...
r152_cp              51.0   38.3   63.8   53.9  3.70m    885  1.15k    0     ...
r299_cp              51.0   38.3   63.8   55.4  6.62m    419    642    0     ...
r310                 34.1   25.5   42.6   38.1  7.75m    191    366    0     ...
r315                 34.1   25.5   42.6   40.8   179m   3.19   15.8    0 MC  ...
r353                2.67k  2.40k  2.94k  2.68k   851m   98.8    105    0     ...
r462                  150    135    180    158  16.4m    450    462    0     ...
r223                2.20k  1.98k  2.42k  2.19k   688m    101    107    0     ...
r344                2.20k  1.98k  2.42k  2.19k   581m    123    126    0     ...
r346                2.20k  1.98k  2.42k  2.24k   556m    109    132    0     ...
r383                  220    176    265    226   146m   89.0    101    0     ...
r383_cp               220    176    265    225   159m   82.2   93.0    0     ...
r457                  220    176    265    226   146m   88.2    101    0     ...
r308_cp             20.0k  18.0k  22.0k  19.9k   2.10    308    317    0     ...
r310_cp               100   80.0    120    105  52.2m   96.7    128    0     ...
r460                  150    135    180    157  97.4m   74.1   77.8    0     ...
r483                  150    135    180    151  29.4m    182    258    0     ...
r263_cp              200k   178k   222k   201k    152   46.5   48.2    0     ...
r417_cp              200k   178k   222k   202k   84.2   78.0   87.1    0     ...
r306_cp             1.00M   790k  1.21M  1.00M    467    148    150    0     ...
r304_cp             10.0M  7.50M  12.5M  10.0M  25.5k   32.1   32.7    0     ...
r311_cp             20.0k  18.0k  22.0k  19.9k   2.41    267    277    0     ...
r309_cp               100   80.0    120    103  35.4m    158    188    0     ...
r323_cp               220    176    265    225   144m   90.6    103    0     ...
r385_cp               220    176    265    226   144m   90.2    102    0     ...
r386_cp               220    176    265    224   141m   96.2    105    0     ...
r387_cp               220    176    265    224   125m    109    119    0     ...
r388_cp               220    176    265    224   173m   77.7   85.6    0     ...
r389_cp               220    176    265    224   127m    107    116    0     ...
r407_cp               220    176    265    226   282m   46.1   52.4    0     ...
r431_cp               220    176    265    224   139m   97.2    106    0     ...
r305_cp             14.5k  11.9k  17.4k  15.4k   3.36    201    273    0     ...
r305                2.94k  2.65k  3.23k  2.98k   603m    143    162    0     ...
r306                12.0k  10.8k  13.2k  12.1k   28.8   13.2   13.9    0     ...
r308                  220    176    265    224  34.5m    390    428    0     ...
r351                20.0k  18.4k  21.6k  20.0k   771m    676    692    0     ...
r313                4.12k  3.71k  4.53k  4.14k   854m    153    161    0     ...
r335                  220    176    265    224  20.0m    670    738    0     ...
r429_cp               220    176    265    224  26.1m    519    567    0     ...
r530                  220    176    265    224   270m   49.9   54.6    0     ...
r531                  220    176    265    225   142m   91.9    104    0     ...
r336_cp             2.70k  2.16k  2.97k  2.66k   2.33   44.4   58.0    0     ...
r377_cp             1.50k  1.35k  1.65k  1.48k   501m   89.4   99.8    0     ...
r379_cp             1.50k  1.35k  1.65k  1.50k   418m    119    120    0     ...
r380_cp             1.50k  1.35k  1.65k  1.51k   572m   82.3   87.4    0     ...
r421_cp             1.50k  1.35k  1.65k  1.50k   360m    137    139    0     ...
r422_cp             1.50k  1.35k  1.65k  1.51k   347m    137    144    0     ...
r580                  220    176    265    223  13.5m  1.01k  1.09k    0     ...
r338                 60.0   45.0   75.0   64.6  6.75m    516    741    0     ...
r375                  200    160    241    206  16.9m    683    800    0     ...
r478                  200    160    241    205  13.8m    878    975    0     ...
r378_cp             1.50k  1.35k  1.65k  1.49k   351m    133    143    0     ...
r419_cp             1.50k  1.35k  1.65k  1.49k   538m   85.6   93.0    0     ...
r420_cp             1.50k  1.35k  1.65k  1.49k   828m   54.5   60.4    0     ...
r399_cp             2.61k  2.35k  2.87k  2.63k   1.09   74.6   79.7    0     ...
r414_cp               750    600    900    760   382m    122    131    0     ...
r451                1.50k  1.35k  1.65k  1.49k   374m    128    134    0     ...
r452                1.50k  1.35k  1.65k  1.48k   455m   98.5    110    0     ...
r453                1.50k  1.35k  1.65k  1.51k   418m    110    120    0     ...
r454                1.50k  1.35k  1.65k  1.50k   319m    156    157    0     ...
r455                1.50k  1.35k  1.65k  1.50k   356m    140    141    0     ...
r456                1.50k  1.35k  1.65k  1.52k   453m   94.3    110    0     ...
r493                 100k  85.0k   115k  98.3k   36.2    123    138    0     ...
r513                47.0k  42.3k  51.7k  47.0k   12.0    130    131    0     ...
r514                47.0k  42.3k  51.7k  46.6k   16.7   85.5   93.8    0     ...
r515                47.0k  42.3k  51.7k  46.3k   10.3    129    153    0     ...
r516                47.0k  42.3k  51.7k  47.1k   15.8   97.6   99.2    0     ...
r517                47.0k  42.3k  51.7k  46.5k   8.76    161    179    0     ...
r518                47.0k  42.3k  51.7k  46.3k   15.0   88.2    105    0     ...
r519                47.0k  42.3k  51.7k  46.2k   7.53    174    208    0     ...
r520                47.0k  42.3k  51.7k  46.9k   11.8    130    133    0     ...
r408                  825    660    990    828   155m    348    355    0     ...
r504                5.49k  4.94k  6.04k  5.49k   680m    269    269    0     ...
r666                2.87k  2.58k  3.16k  2.89k   787m    113    122    0     ...
r912                 105k  93.5k   117k   104k   14.6    252    264    0     ...
r913                 249k   222k   276k   249k   17.1    534    534    0     ...
r922                4.42k  3.76k  4.86k  4.29k   3.90   45.9   47.2    0     ...
q5%q1,B-E             N/A   602m   950m   916m   260u   43.6    223    0 M   ...
q5%q1,BETA            N/A   25.0  1.00k   27.5  45.2m   18.6  3.60k    0 M   ...
q17%q1,B-E            N/A   602m   950m   913m   224u   55.5    259    0 M   ...
q17%q1,B-C            N/A   603m   950m   910m   159u   84.6    364    0 M   ...
q17%q1,BETA           N/A   20.5  1.00k   43.2   109m   69.7  1.50k    0 M   ...
q19%q1,B-E            N/A   602m   950m   915m   181u   64.6    320    0 M   ...
r522                47.0k  42.3k  51.7k  46.7k   6.34    229    247    0     ...
r523                47.0k  42.3k  51.7k  46.6k   13.7    105    115    0     ...
r937                 150k   134k   167k   150k   82.4   66.2   66.7    0     ...
r1997               3.57k  3.21k  3.93k  3.55k   2.23   50.3   53.4    0     ...
ledm2%led1            N/A   1.87   2.32   2.13   158u    408    475    0     ...
cr1%d1                N/A   467m   950m   530m   110u    190    729    0 M   ...
cr2%d1                N/A   467m   950m   518m  92.9u    183    867    0 M   ...
q22%q1,B-E            N/A   606m   809m   672m   126u    176    269    0     ...
r312_cp               100   80.0    120    105  44.5m    111    150    0     ...
r936                 84.5   67.6    106   88.1  8.65m    675    733    0     ...
q5%q1,B-C             N/A   603m   950m   898m   159u    109    363    0 M   ...
q19%q1,B-C            N/A   603m   950m   898m  86.4u    199    670    0 M   ...
q19%q1,BETA           N/A   18.9  1.00k   42.7   357m   22.2    458    0 M   ...
q2_cp,FET_OFF         N/A   2.25   2.63   2.44   399u    151    157    0     ...
q1_cp,FET_OFF         N/A   2.25   2.63   2.44  4.03m   15.3   15.5    0     ...
q3,FET_OFF            N/A   2.25   2.63   2.49  58.7u    786  1.06k    0     ...
q3,FET_ON             N/A  -200m   200m  75.2m  48.0u    866  1.39k    0     ...
q4,FET_OFF            N/A   600m   1.50   888m  76.0u  1.26k  1.97k    0     ...
q4,FET_ON             N/A  -200m   200m  66.9m  31.9u  1.39k  2.09k    0     ...
q6,FET_OFF            N/A   2.25   2.63   2.50  73.9u    575    845    0     ...
q6,FET_ON             N/A  -200m   200m  72.3m  38.3u  1.11k  1.74k    0     ...
q8,FET_OFF            N/A   1.50   3.20   2.39  4.29m   62.8   66.0    0     ...
q8,FET_ON             N/A  -200m   300m   145u  22.3u  2.99k  3.74k    0     ...
q15,FET_OFF           N/A   800m   2.63   1.52  6.30m   38.3   48.3    0     ...
q15,FET_ON            N/A  -200m   200m  65.8m  11.1u  4.04k  6.02k    0     ...
q16,FET_OFF           N/A   600m   1.50   891m   163u    597    922    0     ...
q16,FET_ON            N/A  -200m   200m  69.2m  54.0u    807  1.23k    0     ...
q18,FET_OFF           N/A   600m   1.50   892m  76.0u  1.28k  1.97k    0     ...
q18,FET_ON            N/A  -200m   200m  74.7m  80.6u    518    827    0     ...
q20,FET_OFF           N/A   2.25   2.63   2.48  98.8u    501    633    0     ...
q20,FET_ON            N/A  -200m   200m  67.6m  19.8u  2.22k  3.36k    0     ...
q21,FET_OFF           N/A   2.25   2.63   2.50  68.2u    618    917    0     ...
q2_cp,FET_ON          N/A  -200m   200m  65.6m  44.1u  1.02k  1.51k    0     ...
q4_cp,FET_OFF         N/A   700m   1.50   974m   208u    439    642    0     ...
q4_cp,FET_ON          N/A  -200m   200m  3.78m  14.8u  4.42k  4.51k    0     ...
q38,FET_OFF           N/A   2.25   2.63   2.49  73.3u    631    853    0     ...
q38,FET_ON            N/A  -200m   200m   188m  27.6u    148  2.42k    0 M   ...
q1_cp,FET_ON          N/A  -200m   200m   132m  27.0u    841  2.47k    0     ...
q7,FET_OFF            N/A   900m   2.63   1.24  3.02m   37.3   95.1    0     ...
q7,FET_ON             N/A  -200m   200m   759u  21.6u  3.07k  3.08k    0     ...
q21,FET_ON            N/A  -200m   200m  73.7m  37.6u  1.12k  1.78k    0     ...




The columns have the following meaning:
Designator: This is the main device designator.  If a device test has several
            test statements (e.g. diode tests on the emitter-base and
            base-collector junctions of a transistor) a sub-designator is added
Thr:        The threshold for determining an open or closed result.
O/C:        Open or closed, depending on the test.
Nom:        The nominal value in the test statement.
Low:        The lower limit in the test statement.
High:       The upper limit in the test statement.
Mean:       The mean of the values obtained by repeating the test.
StdDev:     The standard deviation of the obtained by repeating the test.
Margin:     The difference between the threshold and the closed measurements.
CPK:        The coefficient of producibility. CPK greater than 10 provides
            confidence in the producibility and stability of the test.
CP:         The minimum value where the CPK is determined by the limit 
	    closest to the mean.  CP is equal to CPK where the mean 
            is centered.  
# Bad:      The number of times the test failed. 
Flg:        These columns will have a warning flag character in the
            corresponding column (e.g. M if the mean is not centered in the
            limits band).
Com Ref:    This will allow the user to enter the comment number specified in
            the comment files.


For more Information, please examine: ana_inc_qua.dat
