-------------------------------------------------------------------------------
AGILENT 3070 BOARD TEST GRADER               Sat Jul 21 09:36:19 2018  page 1  

Digital Incircuit      Quality REPORT
-------------------------------------------------------------------------------

Board Path:              ./
Board Serial #:          Board1
Date of Data generation: Fri Jul 20 10:53:02 2018

Number of test runs (in config.bdg): 10
Number of tests: 55

Report Flags:
          F = Test failed
          M = Mean not centered 66.67%
          C = Coefficient of producibility too small 10.00

Designator            ---Programmed----   --------Computed---------   #  Flg Com
                      Nom    Low   High   Mean StdDev    CPK     CP  Bad     Ref

pwr_check,P3_3VA      N/A   3.14   3.47   3.32   261u    185    210    0     ...
pwr_check,P3V3_SSD    N/A   3.14   3.47   3.30  89.3u    612    616    0     ...
pwr_check,P12V        N/A   11.4   12.6   12.1   655u    253    305    0     ...
pwr_check,P1V8        N/A   1.71   1.89   1.81  36.3u    774    827    0     ...
pwr_check,P3_3V       N/A   3.14   3.47   3.30   121u    454    454    0     ...
pwr_check,P1V05C      N/A   998m   1.10   1.06   149u   95.7    118    0     ...
pwr_check,VCCSUS3_3
                      N/A   3.14   3.47   3.31  1.88m   27.9   29.2    0     ...
pwr_check,P2_5VA      N/A   2.38   2.63   2.51   483u   78.9   86.3    0     ...
pwr_check,P1_2VA      N/A   1.14   1.26   1.22   535u   23.5   37.4    0     ...
pwr_check,P5V         N/A   4.75   5.25   5.16  1.65m   19.1   50.4    0     ...
pwr_check,P1V7        N/A   1.62   1.79   1.73   792u   23.4   35.8    0     ...
pwr_check,P1V5_PCH    N/A   1.43   1.58   1.50   521u   44.9   48.0    0     ...
pwr_check,P1V3        N/A   1.24   1.37   1.31   397u   50.1   54.6    0     ...
pwr_check,P1V2_VDDQ
                      N/A   1.14   1.26   1.22   484u   28.8   41.3    0     ...
pwr_check,P0V6_VTT    N/A   570m   630m   618m   610u   6.80   16.4    0  C  ...
pwr_check,DDR4_VPP    N/A   2.38   2.63   2.51   520u   72.3   80.2    0     ...
pwr_check,PVCCIN      N/A   1.71   1.89   1.81   569u   45.5   52.8    0     ...



Designator                                                        Num  Num Com
                                                                 Pass Fail Ref

act2                                                               10    0 ...
flshg_cp                                                           10    0 ...
flshp_cp                                                           10    0 ...
u3_cp                                                              10    0 ...
u1_3v3                                                             10    0 ...
u1_cp                                                              10    0 ...
u17                                                                10    0 ...
u13                                                                10    0 ...
u1_mvr                                                             10    0 ...
u1_vr                                                              10    0 ...
u22_cp                                                             10    0 ...
u25_cp                                                             10    0 ...
u26_cp                                                             10    0 ...
u27_cp                                                             10    0 ...
u33_cp                                                             10    0 ...
u34_cp                                                             10    0 ...
u14_cp                                                             10    0 ...
u15_cp                                                             10    0 ...
u19_cp                                                             10    0 ...
u17_cp                                                             10    0 ...
u18_cp                                                             10    0 ...
u20_cp                                                             10    0 ...
u16_cp                                                             10    0 ...
u32_cp                                                             10    0 ...
u2_cp                                                              10    0 ...
u4_cp                                                              10    0 ...
u11_cp                                                             10    0 ...
u12_cp                                                             10    0 ...
u13_cp                                                             10    0 ...
u29                                                                10    0 ...
u14                                                                10    0 ...
u30                                                                10    0 ...
u21_cp                                                             10    0 ...
u23                                                                10    0 ...
u28_cp                                                             10    0 ...
u7                                                                 10    0 ...
u22                                                                10    0 ...
u24                                                                10    0 ...

The columns have the following meaning:
Designator: This is the main device designator.  If a device test has several
            test statements (e.g. diode tests on the emitter-base and
            base-collector junctions of a transistor) a sub-designator is added
Thr:        The threshold for determining an open or closed result.
O/C:        Open or closed, depending on the test.
Nom:        The nominal value in the test statement.
Low:        The lower limit in the test statement.
High:       The upper limit in the test statement.
Mean:       The mean of the values obtained by repeating the test.
StdDev:     The standard deviation of the obtained by repeating the test.
Margin:     The difference between the threshold and the closed measurements.
CPK:        The coefficient of producibility. CPK greater than 10 provides
            confidence in the producibility and stability of the test.
CP:         The minimum value where the CPK is determined by the limit 
	    closest to the mean.  CP is equal to CPK where the mean 
            is centered.  
# Bad:      The number of times the test failed. 
Flg:        These columns will have a warning flag character in the
            corresponding column (e.g. M if the mean is not centered in the
            limits band).
Com Ref:    This will allow the user to enter the comment number specified in
            the comment files.


For more Information, please examine: dig_inc_qua.dat
