-------------------------------------------------------------------------------
AGILENT 3070 BOARD TEST GRADER               Sat Jul 21 09:36:19 2018  page 1  

Pre-Shorts REPORT
-------------------------------------------------------------------------------

Board Path:              ./
Board Serial #:          Board1
Date of Data generation: Wed Jul 18 14:39:40 2018

Number of test runs (in config.bdg): 10
Number of tests: 34

Report Flags:
          F = Test failed
          N = Margin too small 2.00 , 100.00

Designator                     Programmed -----Computed-----    #    # Flg Com
                                 Thr. OC  Mean StdDev Margin Pass Fail     Ref

l1_f%jp2_7                      10.0k O -43.4M  9.92M -56.9M   10    0 N   ...
l666_f%jp1_8                    10.0k O  32.2M  2.13M  28.2M   10    0     ...
l1_f%jp3_6                      10.0k O -33.4M  5.00M -43.5M   10    0 N   ...
l1_f%jp4_5                      10.0k O -38.2M  8.73M -56.9M   10    0 N   ...
l2_f%jp1_8                      10.0k O -48.8M  15.5M -82.3M   10    0 N   ...
l2_f%jp2_7                      10.0k O -37.5M  5.92M -43.5M   10    0 N   ...
l3_f%jp1_8                      10.0k O -44.8M  7.73M -56.9M   10    0 N   ...
l3_f%jp2_7                      10.0k O -64.4M  16.3M -82.3M   10    0 N   ...
l3_f%jp3_6                      10.0k O -36.9M  3.50M -43.5M   10    0 N   ...
l4_f%jp1_8                      10.0k O -53.4M  19.1M -82.3M   10    0 N   ...
l666_f%jp2_7                    10.0k O  31.2M  2.61M  28.2M   10    0     ...
l4_f%jp2_7                      10.0k O -33.4M  11.3M -56.9M   10    0 N   ...
l4_f%jp3_6                      10.0k O -33.6M  6.10M -43.5M   10    0 N   ...
l4_f%jp4_5                      10.0k O -50.5M  14.9M -82.3M   10    0 N   ...
l12_f%jp1_8                     10.0k O -51.1M  14.1M -82.3M   10    0 N   ...
l12_f%jp2_7                     10.0k O -44.9M  10.1M -56.9M   10    0 N   ...
l1_f%jp1_8                      10.0k O   637M   877M  45.0M   10    0     ...
l2_f%jp3_6                      10.0k O   270M   586M  -204M   10    0 N   ...
l12_f%jp3_6                     10.0k O   484M   751M  87.9M   10    0     ...
l12_f%jp4_5                     10.0k O   650M   868M  87.9M   10    0     ...
l666_f%jp3_6                    10.0k O   845M   915M  59.5M   10    0     ...
b1%presence                      15.0 C   4.04  3.09m   11.0   10    0     ...
io_p1%presence                   15.0 C   4.04  4.50m   11.0   10    0     ...
io_p2%presence                   15.0 C   4.03  3.23m   11.0   10    0     ...
j1%presence                      15.0 C   4.27  62.1m   10.6   10    0     ...
j3%presence                      15.0 C   3.96  5.22m   11.0   10    0     ...
m2%presence                      15.0 C   3.92  3.56m   11.1   10    0     ...
p1_mvr%presence                  15.0 C   3.88  3.77m   11.1   10    0     ...
p1_vr%presence                   15.0 C   4.03  3.85m   11.0   10    0     ...
p7%presence                      15.0 C   4.17  4.12m   10.8   10    0     ...
h2280%presence                   9.00 C   3.88  3.78m   5.11   10    0     ...
u10_cp%presence                  9.00 C   3.93  4.48m   5.06   10    0     ...
sw1_cp%presence                  9.00 C   3.75  29.7m   5.21   10    0     ...
sw2_cp%presence                  9.00 C   4.64  2.85m   4.35   10    0     ...




The columns have the following meaning:
Designator: This is the main device designator.  If a device test has several
            test statements (e.g. diode tests on the emitter-base and
            base-collector junctions of a transistor) a sub-designator is added
Thr:        The threshold for determining an open or closed result.
O/C:        Open or closed, depending on the test.
Nom:        The nominal value in the test statement.
Low:        The lower limit in the test statement.
High:       The upper limit in the test statement.
Mean:       The mean of the values obtained by repeating the test.
StdDev:     The standard deviation of the obtained by repeating the test.
Margin:     The difference between the threshold and the closed measurements.
CPK:        The coefficient of producibility. CPK greater than 10 provides
            confidence in the producibility and stability of the test.
CP:         The minimum value where the CPK is determined by the limit 
	    closest to the mean.  CP is equal to CPK where the mean 
            is centered.  
# Bad:      The number of times the test failed. 
Flg:        These columns will have a warning flag character in the
            corresponding column (e.g. M if the mean is not centered in the
            limits band).
Com Ref:    This will allow the user to enter the comment number specified in
            the comment files.


For more Information, please examine: pre_sho.dat
