-------------------------------------------------------------------------------
AGILENT 3070 BOARD TEST GRADER               Sat Jul 21 09:36:19 2018  page 1  

Shorts REPORT
-------------------------------------------------------------------------------

Board Path:              ./
Board Serial #:          Board1
Date of Data generation: Fri Jul 20 15:14:39 2018

Number of test runs (in config.bdg): 10
Number of tests: 1

Positive Threshold Variation: 10.00%
Negative Threshold Variation: 10.00%
Positive Settling Delay Variation: 10.00%
Negative Settling Delay Variation: 10.00%

Test: shorts
Number of test runs passing: 50
Number of test runs failing: 0
Number of test runs passing at the nominal value: 10
Number of test runs failing at the nominal value: 0
Number of test runs passing at the high threshold value: 10
Number of test runs failing at the high threshold value: 0
Number of test runs passing at the low threshold value: 10
Number of test runs failing at the low threshold value: 0
Number of test runs passing at the high settling delay value: 10
Number of test runs failing at the high settling delay value: 0
Number of test runs passing at the low settling delay value: 10
Number of test runs failing at the low settling delay value: 0

For more Information, please examine: sho.dat
